<?xml version="1.0" encoding="UTF-8"?>
<!-- Generated by org.testng.reporters.JUnitReportReporter -->
<testsuite hostname="MJ" failures="0" tests="1" name="com.Actitime.TestScripts.Task" time="14.964" errors="0" timestamp="2023-05-11T10:50:53 IST" skipped="0">
  <testcase classname="com.Actitime.TestScripts.Task" name="CreateCustomer" time="14.964"/>
  <system-out/>
</testsuite> <!-- com.Actitime.TestScripts.Task -->
